生成启动时间为 2013/11/14/星期四 19:17:50。
     1>项目“C:\Users\lenovo\Documents\Visual Studio 2012\Projects\杭电2029\杭电2029\杭电2029.vcxproj”在节点 2 上(Build 个目标)。
     1>ClCompile:
         H:\vs\VC\bin\CL.exe /c /ZI /nologo /W3 /WX- /Od /Oy- /D WIN32 /D _DEBUG /D _CONSOLE /D _UNICODE /D UNICODE /Gm /EHsc /RTC1 /MDd /GS /fp:precise /Zc:wchar_t /Zc:forScope /Fo"Debug\\" /Fd"Debug\vc110.pdb" /Gd /TC /analyze- /errorReport:prompt "杭电2029.c"
         杭电2029.c
     1>c:\users\lenovo\documents\visual studio 2012\projects\杭电2029\杭电2029\杭电2029.c(7): warning C4996: 'scanf': This function or variable may be unsafe. Consider using scanf_s instead. To disable deprecation, use _CRT_SECURE_NO_WARNINGS. See online help for details.
                 h:\vs\vc\include\stdio.h(290) : 参见“scanf”的声明
     1>c:\users\lenovo\documents\visual studio 2012\projects\杭电2029\杭电2029\杭电2029.c(9): warning C4996: 'scanf': This function or variable may be unsafe. Consider using scanf_s instead. To disable deprecation, use _CRT_SECURE_NO_WARNINGS. See online help for details.
                 h:\vs\vc\include\stdio.h(290) : 参见“scanf”的声明
     1>c:\users\lenovo\documents\visual studio 2012\projects\杭电2029\杭电2029\杭电2029.c(10): warning C4996: 'strcpy': This function or variable may be unsafe. Consider using strcpy_s instead. To disable deprecation, use _CRT_SECURE_NO_WARNINGS. See online help for details.
                 h:\vs\vc\include\string.h(110) : 参见“strcpy”的声明
     1>c:\users\lenovo\documents\visual studio 2012\projects\杭电2029\杭电2029\杭电2029.c(11): warning C4996: 'strrev': The POSIX name for this item is deprecated. Instead, use the ISO C++ conformant name: _strrev. See online help for details.
                 h:\vs\vc\include\string.h(253) : 参见“strrev”的声明
     1>c:\users\lenovo\documents\visual studio 2012\projects\杭电2029\杭电2029\杭电2029.c(5): warning C4101: “j”: 未引用的局部变量
       Link:
         H:\vs\VC\bin\link.exe /ERRORREPORT:PROMPT /OUT:"C:\Users\lenovo\Documents\Visual Studio 2012\Projects\杭电2029\Debug\杭电2029.exe" /INCREMENTAL /NOLOGO kernel32.lib user32.lib gdi32.lib winspool.lib comdlg32.lib advapi32.lib shell32.lib ole32.lib oleaut32.lib uuid.lib odbc32.lib odbccp32.lib /MANIFEST /MANIFESTUAC:"level='asInvoker' uiAccess='false'" /manifest:embed /DEBUG /PDB:"C:\Users\lenovo\Documents\Visual Studio 2012\Projects\杭电2029\Debug\杭电2029.pdb" /SUBSYSTEM:CONSOLE /TLBID:1 /DYNAMICBASE /NXCOMPAT /IMPLIB:"C:\Users\lenovo\Documents\Visual Studio 2012\Projects\杭电2029\Debug\杭电2029.lib" /MACHINE:X86 "Debug\杭电2029.obj"
         杭电2029.vcxproj -> C:\Users\lenovo\Documents\Visual Studio 2012\Projects\杭电2029\Debug\杭电2029.exe
     1>已完成生成项目“C:\Users\lenovo\Documents\Visual Studio 2012\Projects\杭电2029\杭电2029\杭电2029.vcxproj”(Build 个目标)的操作。

生成成功。

已用时间 00:00:00.40
