生成启动时间为 2014/8/18/星期一 15:05:08。
     1>项目“c:\Users\lenovo\documents\visual studio 2012\Projects\POJ3254 Corn Fields 状态压缩DP\POJ3254 Corn Fields 状态压缩DP\POJ3254 Corn Fields 状态压缩DP.vcxproj”在节点 2 上(Build 个目标)。
     1>ClCompile:
         H:\vs\VC\bin\CL.exe /c /ZI /nologo /W3 /WX- /Od /Oy- /D WIN32 /D _DEBUG /D _CONSOLE /D _UNICODE /D UNICODE /Gm /EHsc /RTC1 /MDd /GS /fp:precise /Zc:wchar_t /Zc:forScope /Fo"Debug\\" /Fd"Debug\vc110.pdb" /Gd /TP /analyze- /errorReport:prompt "POJ3254 Corn Fields 状态压缩DP.cpp"
         POJ3254 Corn Fields 状态压缩DP.cpp
     1>c:\users\lenovo\documents\visual studio 2012\projects\poj3254 corn fields 状态压缩dp\poj3254 corn fields 状态压缩dp\poj3254 corn fields 状态压缩dp.cpp(9): warning C4101: “k”: 未引用的局部变量
     1>c:\users\lenovo\documents\visual studio 2012\projects\poj3254 corn fields 状态压缩dp\poj3254 corn fields 状态压缩dp\poj3254 corn fields 状态压缩dp.cpp(9): warning C4101: “l”: 未引用的局部变量
     1>c:\users\lenovo\documents\visual studio 2012\projects\poj3254 corn fields 状态压缩dp\poj3254 corn fields 状态压缩dp\poj3254 corn fields 状态压缩dp.cpp(9): warning C4101: “j”: 未引用的局部变量
     1>c:\users\lenovo\documents\visual studio 2012\projects\poj3254 corn fields 状态压缩dp\poj3254 corn fields 状态压缩dp\poj3254 corn fields 状态压缩dp.cpp(29): warning C4996: 'scanf': This function or variable may be unsafe. Consider using scanf_s instead. To disable deprecation, use _CRT_SECURE_NO_WARNINGS. See online help for details.
                 h:\vs\vc\include\stdio.h(290) : 参见“scanf”的声明
     1>c:\users\lenovo\documents\visual studio 2012\projects\poj3254 corn fields 状态压缩dp\poj3254 corn fields 状态压缩dp\poj3254 corn fields 状态压缩dp.cpp(47): warning C4554: “|”: 检查运算符优先级可能存在的错误；使用圆括号阐明优先级
     1>c:\users\lenovo\documents\visual studio 2012\projects\poj3254 corn fields 状态压缩dp\poj3254 corn fields 状态压缩dp\poj3254 corn fields 状态压缩dp.cpp(20): warning C4101: “b”: 未引用的局部变量
     1>c:\users\lenovo\documents\visual studio 2012\projects\poj3254 corn fields 状态压缩dp\poj3254 corn fields 状态压缩dp\poj3254 corn fields 状态压缩dp.cpp(20): warning C4101: “l”: 未引用的局部变量
     1>c:\users\lenovo\documents\visual studio 2012\projects\poj3254 corn fields 状态压缩dp\poj3254 corn fields 状态压缩dp\poj3254 corn fields 状态压缩dp.cpp(20): warning C4101: “c”: 未引用的局部变量
       Link:
         H:\vs\VC\bin\link.exe /ERRORREPORT:PROMPT /OUT:"c:\users\lenovo\documents\visual studio 2012\Projects\POJ3254 Corn Fields 状态压缩DP\Debug\POJ3254 Corn Fields 状态压缩DP.exe" /INCREMENTAL /NOLOGO kernel32.lib user32.lib gdi32.lib winspool.lib comdlg32.lib advapi32.lib shell32.lib ole32.lib oleaut32.lib uuid.lib odbc32.lib odbccp32.lib /MANIFEST /MANIFESTUAC:"level='asInvoker' uiAccess='false'" /manifest:embed /DEBUG /PDB:"c:\users\lenovo\documents\visual studio 2012\Projects\POJ3254 Corn Fields 状态压缩DP\Debug\POJ3254 Corn Fields 状态压缩DP.pdb" /SUBSYSTEM:CONSOLE /TLBID:1 /DYNAMICBASE /NXCOMPAT /IMPLIB:"c:\users\lenovo\documents\visual studio 2012\Projects\POJ3254 Corn Fields 状态压缩DP\Debug\POJ3254 Corn Fields 状态压缩DP.lib" /MACHINE:X86 "Debug\POJ3254 Corn Fields 状态压缩DP.obj"
         POJ3254 Corn Fields 状态压缩DP.vcxproj -> c:\users\lenovo\documents\visual studio 2012\Projects\POJ3254 Corn Fields 状态压缩DP\Debug\POJ3254 Corn Fields 状态压缩DP.exe
     1>已完成生成项目“c:\Users\lenovo\documents\visual studio 2012\Projects\POJ3254 Corn Fields 状态压缩DP\POJ3254 Corn Fields 状态压缩DP\POJ3254 Corn Fields 状态压缩DP.vcxproj”(Build 个目标)的操作。

生成成功。

已用时间 00:00:01.41
