生成启动时间为 2014/4/14/星期一 19:13:15。
     1>项目“c:\Users\lenovo\documents\visual studio 2012\Projects\计算器\计算器\计算器.vcxproj”在节点 2 上(Build 个目标)。
     1>ClCompile:
         H:\vs\VC\bin\CL.exe /c /ZI /nologo /W3 /WX- /sdl /Od /Oy- /D WIN32 /D _WINDOWS /D _DEBUG /D _MBCS /D _AFXDLL /Gm /EHsc /RTC1 /MDd /GS /fp:precise /Zc:wchar_t /Zc:forScope /Yc"stdafx.h" /Fp"Debug\计算器.pch" /Fo"Debug\\" /Fd"Debug\vc110.pdb" /Gd /TP /analyze- /errorReport:prompt stdafx.cpp
         stdafx.cpp
         H:\vs\VC\bin\CL.exe /c /ZI /nologo /W3 /WX- /sdl /Od /Oy- /D WIN32 /D _WINDOWS /D _DEBUG /D _MBCS /D _AFXDLL /Gm /EHsc /RTC1 /MDd /GS /fp:precise /Zc:wchar_t /Zc:forScope /Yu"stdafx.h" /Fp"Debug\计算器.pch" /Fo"Debug\\" /Fd"Debug\vc110.pdb" /Gd /TP /analyze- /errorReport:prompt "计算器.cpp" "计算器Dlg.cpp"
         计算器Dlg.cpp
         计算器.cpp
         正在生成代码...
       ResourceCompile:
         C:\Program Files (x86)\Windows Kits\8.0\bin\x86\rc.exe /D _DEBUG /D _AFXDLL /l"0x0804" /IDebug\ /nologo /fo"Debug\计算器.res" "计算器.rc" 
       Link:
         H:\vs\VC\bin\link.exe /ERRORREPORT:PROMPT /OUT:"c:\users\lenovo\documents\visual studio 2012\Projects\计算器\Debug\计算器.exe" /INCREMENTAL /NOLOGO /MANIFEST /MANIFESTUAC:"level='asInvoker' uiAccess='false'" /manifest:embed /manifestinput:H:\vs\VC\Include\Manifest\dpiaware.manifest /DEBUG /PDB:"c:\users\lenovo\documents\visual studio 2012\Projects\计算器\Debug\计算器.pdb" /SUBSYSTEM:WINDOWS /TLBID:1 /DYNAMICBASE /NXCOMPAT /IMPLIB:"c:\users\lenovo\documents\visual studio 2012\Projects\计算器\Debug\计算器.lib" /MACHINE:X86 "Debug\计算器.res"
         Debug\stdafx.obj
         "Debug\计算器.obj"
         "Debug\计算器Dlg.obj"
         计算器.vcxproj -> c:\users\lenovo\documents\visual studio 2012\Projects\计算器\Debug\计算器.exe
     1>已完成生成项目“c:\Users\lenovo\documents\visual studio 2012\Projects\计算器\计算器\计算器.vcxproj”(Build 个目标)的操作。

生成成功。

已用时间 00:00:09.25
