生成启动时间为 2014/6/24/星期二 14:37:52。
     1>项目“C:\Users\lenovo\documents\visual studio 2012\Projects\Three05\Three05\Three05.vcxproj”在节点 2 上(Build 个目标)。
     1>ClCompile:
         H:\vs\VC\bin\CL.exe /c /ZI /nologo /W3 /WX- /sdl /Od /Oy- /D WIN32 /D _WINDOWS /D _DEBUG /D _UNICODE /D UNICODE /D _AFXDLL /Gm /EHsc /RTC1 /MDd /GS /fp:precise /Zc:wchar_t /Zc:forScope /Yu"stdafx.h" /Fp"Debug\Three05.pch" /Fo"Debug\\" /Fd"Debug\vc110.pdb" /Gd /TP /analyze- /errorReport:prompt Dlg05One.cpp Three05.cpp Three05Dlg.cpp
         Three05Dlg.cpp
         正在生成代码...
         正在编译...
         Three05.cpp
         Dlg05One.cpp
         正在生成代码...
       ResourceCompile:
         C:\Program Files (x86)\Windows Kits\8.0\bin\x86\rc.exe /D _DEBUG /D _UNICODE /D UNICODE /D _AFXDLL /l"0x0804" /IDebug\ /nologo /fo"Debug\Three05.res" Three05.rc 
       Link:
         H:\vs\VC\bin\link.exe /ERRORREPORT:PROMPT /OUT:"C:\Users\lenovo\documents\visual studio 2012\Projects\Three05\Debug\Three05.exe" /INCREMENTAL /NOLOGO /MANIFEST /MANIFESTUAC:"level='asInvoker' uiAccess='false'" /manifest:embed /manifestinput:H:\vs\VC\Include\Manifest\dpiaware.manifest /DEBUG /PDB:"C:\Users\lenovo\documents\visual studio 2012\Projects\Three05\Debug\Three05.pdb" /SUBSYSTEM:WINDOWS /TLBID:1 /ENTRY:"wWinMainCRTStartup" /DYNAMICBASE /NXCOMPAT /IMPLIB:"C:\Users\lenovo\documents\visual studio 2012\Projects\Three05\Debug\Three05.lib" /MACHINE:X86 Debug\Three05.res
         Debug\Dlg05One.obj
         Debug\stdafx.obj
         Debug\Three05.obj
         Debug\Three05Dlg.obj
         Three05.vcxproj -> C:\Users\lenovo\documents\visual studio 2012\Projects\Three05\Debug\Three05.exe
     1>已完成生成项目“C:\Users\lenovo\documents\visual studio 2012\Projects\Three05\Three05\Three05.vcxproj”(Build 个目标)的操作。

生成成功。

已用时间 00:00:02.62
