生成启动时间为 2014/12/25/星期四 19:35:35。
     1>项目“c:\Users\lenovo\documents\visual studio 2012\Projects\ConsoleApplication7\ConsoleApplication7\ConsoleApplication7.vcxproj”在节点 2 上(Build 个目标)。
     1>ClCompile:
         H:\vs\VC\bin\CL.exe /c /ZI /nologo /W3 /WX- /Od /Oy- /D WIN32 /D _DEBUG /D _CONSOLE /D _UNICODE /D UNICODE /Gm /EHsc /RTC1 /MDd /GS /fp:precise /Zc:wchar_t /Zc:forScope /Fo"Debug\\" /Fd"Debug\vc110.pdb" /Gd /TP /analyze- /errorReport:prompt "源.cpp"
         源.cpp
     1>c:\users\lenovo\documents\visual studio 2012\projects\consoleapplication7\consoleapplication7\源.cpp(128): warning C4996: 'scanf': This function or variable may be unsafe. Consider using scanf_s instead. To disable deprecation, use _CRT_SECURE_NO_WARNINGS. See online help for details.
                 h:\vs\vc\include\stdio.h(290) : 参见“scanf”的声明
     1>c:\users\lenovo\documents\visual studio 2012\projects\consoleapplication7\consoleapplication7\源.cpp(133): warning C4996: 'scanf': This function or variable may be unsafe. Consider using scanf_s instead. To disable deprecation, use _CRT_SECURE_NO_WARNINGS. See online help for details.
                 h:\vs\vc\include\stdio.h(290) : 参见“scanf”的声明
     1>c:\users\lenovo\documents\visual studio 2012\projects\consoleapplication7\consoleapplication7\源.cpp(207): warning C4996: 'scanf': This function or variable may be unsafe. Consider using scanf_s instead. To disable deprecation, use _CRT_SECURE_NO_WARNINGS. See online help for details.
                 h:\vs\vc\include\stdio.h(290) : 参见“scanf”的声明
     1>c:\users\lenovo\documents\visual studio 2012\projects\consoleapplication7\consoleapplication7\源.cpp(261): warning C4996: 'scanf': This function or variable may be unsafe. Consider using scanf_s instead. To disable deprecation, use _CRT_SECURE_NO_WARNINGS. See online help for details.
                 h:\vs\vc\include\stdio.h(290) : 参见“scanf”的声明
     1>c:\users\lenovo\documents\visual studio 2012\projects\consoleapplication7\consoleapplication7\源.cpp(268): warning C4996: 'scanf': This function or variable may be unsafe. Consider using scanf_s instead. To disable deprecation, use _CRT_SECURE_NO_WARNINGS. See online help for details.
                 h:\vs\vc\include\stdio.h(290) : 参见“scanf”的声明
     1>c:\users\lenovo\documents\visual studio 2012\projects\consoleapplication7\consoleapplication7\源.cpp(276): warning C4996: 'scanf': This function or variable may be unsafe. Consider using scanf_s instead. To disable deprecation, use _CRT_SECURE_NO_WARNINGS. See online help for details.
                 h:\vs\vc\include\stdio.h(290) : 参见“scanf”的声明
     1>c:\users\lenovo\documents\visual studio 2012\projects\consoleapplication7\consoleapplication7\源.cpp(285): warning C4996: 'scanf': This function or variable may be unsafe. Consider using scanf_s instead. To disable deprecation, use _CRT_SECURE_NO_WARNINGS. See online help for details.
                 h:\vs\vc\include\stdio.h(290) : 参见“scanf”的声明
       Link:
         H:\vs\VC\bin\link.exe /ERRORREPORT:PROMPT /OUT:"c:\users\lenovo\documents\visual studio 2012\Projects\ConsoleApplication7\Debug\ConsoleApplication7.exe" /INCREMENTAL /NOLOGO kernel32.lib user32.lib gdi32.lib winspool.lib comdlg32.lib advapi32.lib shell32.lib ole32.lib oleaut32.lib uuid.lib odbc32.lib odbccp32.lib /MANIFEST /MANIFESTUAC:"level='asInvoker' uiAccess='false'" /manifest:embed /DEBUG /PDB:"c:\users\lenovo\documents\visual studio 2012\Projects\ConsoleApplication7\Debug\ConsoleApplication7.pdb" /SUBSYSTEM:CONSOLE /TLBID:1 /DYNAMICBASE /NXCOMPAT /IMPLIB:"c:\users\lenovo\documents\visual studio 2012\Projects\ConsoleApplication7\Debug\ConsoleApplication7.lib" /MACHINE:X86 "Debug\源.obj"
         ConsoleApplication7.vcxproj -> c:\users\lenovo\documents\visual studio 2012\Projects\ConsoleApplication7\Debug\ConsoleApplication7.exe
     1>已完成生成项目“c:\Users\lenovo\documents\visual studio 2012\Projects\ConsoleApplication7\ConsoleApplication7\ConsoleApplication7.vcxproj”(Build 个目标)的操作。

生成成功。

已用时间 00:00:05.42
